<?xml version="1.0" encoding="UTF-8"?>
<testsuite xmlns:xsi="http://www.w3.org/2001/XMLSchema-instance" xsi:noNamespaceSchemaLocation="https://maven.apache.org/surefire/maven-surefire-plugin/xsd/surefire-test-report-3.0.xsd" version="3.0" name="com.luv2code.junitdemo.DemoUtilsTest" time="2.08" tests="10" errors="0" skipped="1" failures="0">
  <properties>
[...]
</properties>
  <testcase name="testCheckNullAndNotNull" classname="com.luv2code.junitdemo.DemoUtilsTest" time="0.007">
    <system-out><![CDATA[@BeforeAll executes only once befre all test methods execution in the class

@BeforeEach executes before the execution of each test method
Running test: testCheckNullAndNotNull
@AfterEach executes after the execution of each test method

]]></system-out>
  </testcase>
  <testcase name="testTimeout" classname="com.luv2code.junitdemo.DemoUtilsTest" time="2.015">
    <system-out><![CDATA[@BeforeEach executes before the execution of each test method
I am going to sleep
Sleeping over
@AfterEach executes after the execution of each test method

]]></system-out>
  </testcase>
  <testcase name="testSameAndNotSame" classname="com.luv2code.junitdemo.DemoUtilsTest" time="0.008">
    <system-out><![CDATA[@BeforeEach executes before the execution of each test method
@AfterEach executes after the execution of each test method

]]></system-out>
  </testcase>
  <testcase name="**** test equality of add() method ****" classname="com.luv2code.junitdemo.DemoUtilsTest" time="0.009">
    <system-out><![CDATA[@BeforeEach executes before the execution of each test method
Running test: testAddEqualsAndNotEquals
@AfterEach executes after the execution of each test method

]]></system-out>
  </testcase>
  <testcase name="testArrayEquals" classname="com.luv2code.junitdemo.DemoUtilsTest" time="0.007">
    <system-out><![CDATA[@BeforeEach executes before the execution of each test method
@AfterEach executes after the execution of each test method

]]></system-out>
  </testcase>
  <testcase name="testLinesMatch" classname="com.luv2code.junitdemo.DemoUtilsTest" time="0.009">
    <system-out><![CDATA[@BeforeEach executes before the execution of each test method
@AfterEach executes after the execution of each test method

]]></system-out>
  </testcase>
  <testcase name="testThrowAndNotThrow" classname="com.luv2code.junitdemo.DemoUtilsTest" time="0.003">
    <system-out><![CDATA[@BeforeEach executes before the execution of each test method
@AfterEach executes after the execution of each test method

]]></system-out>
  </testcase>
  <testcase name="testIterableEquals" classname="com.luv2code.junitdemo.DemoUtilsTest" time="0.004">
    <system-out><![CDATA[@BeforeEach executes before the execution of each test method
@AfterEach executes after the execution of each test method

]]></system-out>
  </testcase>
  <testcase name="testMultiply" classname="com.luv2code.junitdemo.DemoUtilsTest" time="0">
    <skipped message="Don&apos;t run this test until fix bug"/>
  </testcase>
  <testcase name="testIsGreaterThan" classname="com.luv2code.junitdemo.DemoUtilsTest" time="0.002">
    <system-out><![CDATA[@BeforeEach executes before the execution of each test method
@AfterEach executes after the execution of each test method

]]></system-out>
  </testcase>
</testsuite>