<?xml version="1.0" encoding="UTF-8"?>
<testsuite xmlns:xsi="http://www.w3.org/2001/XMLSchema-instance" xsi:noNamespaceSchemaLocation="https://maven.apache.org/surefire/maven-surefire-plugin/xsd/surefire-test-report-3.0.xsd" version="3.0" name="com.luv2code.junitdemo.ConditionalTest" time="0.112" tests="10" errors="0" skipped="5" failures="0">
  <properties>
[...]
</properties>
  <testcase name="testOnlyForDevEnvironment" classname="com.luv2code.junitdemo.ConditionalTest" time="0">
    <skipped message="Environment variable [LUV2CODE_ENV] does not exist"/>
  </testcase>
  <testcase name="basicTest" classname="com.luv2code.junitdemo.ConditionalTest" time="0">
    <skipped message="don&apos;t run until fix JIRA #123 is resolved"/>
  </testcase>
  <testcase name="testOnlyForJreVersion11" classname="com.luv2code.junitdemo.ConditionalTest" time="0.012"/>
  <testcase name="testOnlyForJreVersion13" classname="com.luv2code.junitdemo.ConditionalTest" time="0">
    <skipped message="Disabled on JRE version: 11.0.17"/>
  </testcase>
  <testcase name="testOnlyForSystemProperty" classname="com.luv2code.junitdemo.ConditionalTest" time="0">
    <skipped message="System property [LUV2CODE_SYS_PROP] does not exist"/>
  </testcase>
  <testcase name="testForMacAndWindowsOnly" classname="com.luv2code.junitdemo.ConditionalTest" time="0.001"/>
  <testcase name="testOnlyForJreVersionRange11Min" classname="com.luv2code.junitdemo.ConditionalTest" time="0"/>
  <testcase name="testOnlyForJreVersionRange11_17" classname="com.luv2code.junitdemo.ConditionalTest" time="0"/>
  <testcase name="testForMacOnly" classname="com.luv2code.junitdemo.ConditionalTest" time="0">
    <skipped message="Disabled on operating system: Windows 11"/>
  </testcase>
  <testcase name="testForWindowsOnly" classname="com.luv2code.junitdemo.ConditionalTest" time="0.001"/>
</testsuite>