<?xml version="1.0" encoding="UTF-8"?>
<testsuite xmlns:xsi="http://www.w3.org/2001/XMLSchema-instance" xsi:noNamespaceSchemaLocation="https://maven.apache.org/surefire/maven-surefire-plugin/xsd/surefire-test-report-3.0.xsd" version="3.0" name="tdd.FizzBuzzTest" time="0.474" tests="169" errors="0" skipped="0" failures="0">
  <properties>
[...]
</properties>
  <testcase name="Divisible by Three" classname="tdd.FizzBuzzTest" time="0.004"/>
  <testcase name="Divisible by Five" classname="tdd.FizzBuzzTest" time="0.001"/>
  <testcase name="Divisible by Three and Five" classname="tdd.FizzBuzzTest" time="0.001"/>
  <testcase name="Not Divisible by Three or Five" classname="tdd.FizzBuzzTest" time="0"/>
  <testcase name="value=1, expected=1" classname="tdd.FizzBuzzTest" time="0.031"/>
  <testcase name="value=2, expected=2" classname="tdd.FizzBuzzTest" time="0.001"/>
  <testcase name="value=3, expected=Fizz" classname="tdd.FizzBuzzTest" time="0"/>
  <testcase name="value=4, expected=4" classname="tdd.FizzBuzzTest" time="0.001"/>
  <testcase name="value=5, expected=Buzz" classname="tdd.FizzBuzzTest" time="0.001"/>
  <testcase name="value=6, expected=Fizz" classname="tdd.FizzBuzzTest" time="0.001"/>
  <testcase name="value=7, expected=7" classname="tdd.FizzBuzzTest" time="0.001"/>
  <testcase name="value=8, expected=8" classname="tdd.FizzBuzzTest" time="0.001"/>
  <testcase name="value=9, expected=Fizz" classname="tdd.FizzBuzzTest" time="0"/>
  <testcase name="value=10, expected=Buzz" classname="tdd.FizzBuzzTest" time="0.001"/>
  <testcase name="value=11, expected=11" classname="tdd.FizzBuzzTest" time="0.001"/>
  <testcase name="value=12, expected=Fizz" classname="tdd.FizzBuzzTest" time="0.001"/>
  <testcase name="value=13, expected=13" classname="tdd.FizzBuzzTest" time="0.001"/>
  <testcase name="value=14, expected=14" classname="tdd.FizzBuzzTest" time="0.001"/>
  <testcase name="value=15, expected=FizzBuzz" classname="tdd.FizzBuzzTest" time="0.001"/>
  <testcase name="value=1, expected=1" classname="tdd.FizzBuzzTest" time="0.001"/>
  <testcase name="value=2, expected=2" classname="tdd.FizzBuzzTest" time="0.001"/>
  <testcase name="value=3, expected=Fizz" classname="tdd.FizzBuzzTest" time="0"/>
  <testcase name="value=4, expected=4" classname="tdd.FizzBuzzTest" time="0.001"/>
  <testcase name="value=5, expected=Buzz" classname="tdd.FizzBuzzTest" time="0"/>
  <testcase name="value=6, expected=Fizz" classname="tdd.FizzBuzzTest" time="0.001"/>
  <testcase name="value=7, expected=7" classname="tdd.FizzBuzzTest" time="0.001"/>
  <testcase name="value=8, expected=8" classname="tdd.FizzBuzzTest" time="0.001"/>
  <testcase name="value=9, expected=Fizz" classname="tdd.FizzBuzzTest" time="0.001"/>
  <testcase name="value=10, expected=Buzz" classname="tdd.FizzBuzzTest" time="0.001"/>
  <testcase name="value=11, expected=11" classname="tdd.FizzBuzzTest" time="0.001"/>
  <testcase name="value=12, expected=Fizz" classname="tdd.FizzBuzzTest" time="0.001"/>
  <testcase name="value=13, expected=13" classname="tdd.FizzBuzzTest" time="0.001"/>
  <testcase name="value=14, expected=14" classname="tdd.FizzBuzzTest" time="0.001"/>
  <testcase name="value=15, expected=FizzBuzz" classname="tdd.FizzBuzzTest" time="0.001"/>
  <testcase name="value=16, expected=16" classname="tdd.FizzBuzzTest" time="0.002"/>
  <testcase name="value=17, expected=17" classname="tdd.FizzBuzzTest" time="0.001"/>
  <testcase name="value=18, expected=Fizz" classname="tdd.FizzBuzzTest" time="0.001"/>
  <testcase name="value=19, expected=19" classname="tdd.FizzBuzzTest" time="0"/>
  <testcase name="value=20, expected=Buzz" classname="tdd.FizzBuzzTest" time="0.001"/>
  <testcase name="value=21, expected=Fizz" classname="tdd.FizzBuzzTest" time="0.001"/>
  <testcase name="value=22, expected=22" classname="tdd.FizzBuzzTest" time="0.001"/>
  <testcase name="value=23, expected=23" classname="tdd.FizzBuzzTest" time="0.001"/>
  <testcase name="value=24, expected=Fizz" classname="tdd.FizzBuzzTest" time="0"/>
  <testcase name="value=25, expected=Buzz" classname="tdd.FizzBuzzTest" time="0.002"/>
  <testcase name="value=26, expected=26" classname="tdd.FizzBuzzTest" time="0"/>
  <testcase name="value=27, expected=Fizz" classname="tdd.FizzBuzzTest" time="0.001"/>
  <testcase name="value=28, expected=28" classname="tdd.FizzBuzzTest" time="0.001"/>
  <testcase name="value=29, expected=29" classname="tdd.FizzBuzzTest" time="0.001"/>
  <testcase name="value=30, expected=FizzBuzz" classname="tdd.FizzBuzzTest" time="0.001"/>
  <testcase name="value=31, expected=31" classname="tdd.FizzBuzzTest" time="0.001"/>
  <testcase name="value=32, expected=32" classname="tdd.FizzBuzzTest" time="0.002"/>
  <testcase name="value=33, expected=Fizz" classname="tdd.FizzBuzzTest" time="0.001"/>
  <testcase name="value=34, expected=34" classname="tdd.FizzBuzzTest" time="0.002"/>
  <testcase name="value=35, expected=Buzz" classname="tdd.FizzBuzzTest" time="0"/>
  <testcase name="value=36, expected=Fizz" classname="tdd.FizzBuzzTest" time="0"/>
  <testcase name="value=37, expected=37" classname="tdd.FizzBuzzTest" time="0.001"/>
  <testcase name="value=38, expected=38" classname="tdd.FizzBuzzTest" time="0.001"/>
  <testcase name="value=39, expected=Fizz" classname="tdd.FizzBuzzTest" time="0.001"/>
  <testcase name="value=40, expected=Buzz" classname="tdd.FizzBuzzTest" time="0.001"/>
  <testcase name="value=41, expected=41" classname="tdd.FizzBuzzTest" time="0"/>
  <testcase name="value=42, expected=Fizz" classname="tdd.FizzBuzzTest" time="0"/>
  <testcase name="value=43, expected=43" classname="tdd.FizzBuzzTest" time="0.001"/>
  <testcase name="value=44, expected=44" classname="tdd.FizzBuzzTest" time="0.001"/>
  <testcase name="value=45, expected=FizzBuzz" classname="tdd.FizzBuzzTest" time="0"/>
  <testcase name="value=46, expected=46" classname="tdd.FizzBuzzTest" time="0.001"/>
  <testcase name="value=47, expected=47" classname="tdd.FizzBuzzTest" time="0.001"/>
  <testcase name="value=48, expected=Fizz" classname="tdd.FizzBuzzTest" time="0"/>
  <testcase name="value=49, expected=49" classname="tdd.FizzBuzzTest" time="0.001"/>
  <testcase name="value=50, expected=Buzz" classname="tdd.FizzBuzzTest" time="0"/>
  <testcase name="value=1, expected=1" classname="tdd.FizzBuzzTest" time="0.002"/>
  <testcase name="value=2, expected=2" classname="tdd.FizzBuzzTest" time="0"/>
  <testcase name="value=3, expected=Fizz" classname="tdd.FizzBuzzTest" time="0.001"/>
  <testcase name="value=4, expected=4" classname="tdd.FizzBuzzTest" time="0.001"/>
  <testcase name="value=5, expected=Buzz" classname="tdd.FizzBuzzTest" time="0.002"/>
  <testcase name="value=6, expected=Fizz" classname="tdd.FizzBuzzTest" time="0.001"/>
  <testcase name="value=7, expected=7" classname="tdd.FizzBuzzTest" time="0"/>
  <testcase name="value=8, expected=8" classname="tdd.FizzBuzzTest" time="0.002"/>
  <testcase name="value=9, expected=Fizz" classname="tdd.FizzBuzzTest" time="0.001"/>
  <testcase name="value=10, expected=Buzz" classname="tdd.FizzBuzzTest" time="0.001"/>
  <testcase name="value=11, expected=11" classname="tdd.FizzBuzzTest" time="0.001"/>
  <testcase name="value=12, expected=Fizz" classname="tdd.FizzBuzzTest" time="0.001"/>
  <testcase name="value=13, expected=13" classname="tdd.FizzBuzzTest" time="0.001"/>
  <testcase name="value=14, expected=14" classname="tdd.FizzBuzzTest" time="0.001"/>
  <testcase name="value=15, expected=FizzBuzz" classname="tdd.FizzBuzzTest" time="0"/>
  <testcase name="value=16, expected=16" classname="tdd.FizzBuzzTest" time="0.001"/>
  <testcase name="value=17, expected=17" classname="tdd.FizzBuzzTest" time="0.001"/>
  <testcase name="value=18, expected=Fizz" classname="tdd.FizzBuzzTest" time="0.001"/>
  <testcase name="value=19, expected=19" classname="tdd.FizzBuzzTest" time="0.001"/>
  <testcase name="value=20, expected=Buzz" classname="tdd.FizzBuzzTest" time="0.001"/>
  <testcase name="value=21, expected=Fizz" classname="tdd.FizzBuzzTest" time="0.001"/>
  <testcase name="value=22, expected=22" classname="tdd.FizzBuzzTest" time="0.001"/>
  <testcase name="value=23, expected=23" classname="tdd.FizzBuzzTest" time="0.001"/>
  <testcase name="value=24, expected=Fizz" classname="tdd.FizzBuzzTest" time="0"/>
  <testcase name="value=25, expected=Buzz" classname="tdd.FizzBuzzTest" time="0.001"/>
  <testcase name="value=26, expected=26" classname="tdd.FizzBuzzTest" time="0.001"/>
  <testcase name="value=27, expected=Fizz" classname="tdd.FizzBuzzTest" time="0.002"/>
  <testcase name="value=28, expected=28" classname="tdd.FizzBuzzTest" time="0.001"/>
  <testcase name="value=29, expected=29" classname="tdd.FizzBuzzTest" time="0.001"/>
  <testcase name="value=30, expected=FizzBuzz" classname="tdd.FizzBuzzTest" time="0.001"/>
  <testcase name="value=31, expected=31" classname="tdd.FizzBuzzTest" time="0.001"/>
  <testcase name="value=32, expected=32" classname="tdd.FizzBuzzTest" time="0.001"/>
  <testcase name="value=33, expected=Fizz" classname="tdd.FizzBuzzTest" time="0.001"/>
  <testcase name="value=34, expected=34" classname="tdd.FizzBuzzTest" time="0.001"/>
  <testcase name="value=35, expected=Buzz" classname="tdd.FizzBuzzTest" time="0.001"/>
  <testcase name="value=36, expected=Fizz" classname="tdd.FizzBuzzTest" time="0"/>
  <testcase name="value=37, expected=37" classname="tdd.FizzBuzzTest" time="0.001"/>
  <testcase name="value=38, expected=38" classname="tdd.FizzBuzzTest" time="0.002"/>
  <testcase name="value=39, expected=Fizz" classname="tdd.FizzBuzzTest" time="0.002"/>
  <testcase name="value=40, expected=Buzz" classname="tdd.FizzBuzzTest" time="0.001"/>
  <testcase name="value=41, expected=41" classname="tdd.FizzBuzzTest" time="0.001"/>
  <testcase name="value=42, expected=Fizz" classname="tdd.FizzBuzzTest" time="0.001"/>
  <testcase name="value=43, expected=43" classname="tdd.FizzBuzzTest" time="0.001"/>
  <testcase name="value=44, expected=44" classname="tdd.FizzBuzzTest" time="0.001"/>
  <testcase name="value=45, expected=FizzBuzz" classname="tdd.FizzBuzzTest" time="0"/>
  <testcase name="value=46, expected=46" classname="tdd.FizzBuzzTest" time="0.002"/>
  <testcase name="value=47, expected=47" classname="tdd.FizzBuzzTest" time="0.001"/>
  <testcase name="value=48, expected=Fizz" classname="tdd.FizzBuzzTest" time="0.002"/>
  <testcase name="value=49, expected=49" classname="tdd.FizzBuzzTest" time="0.001"/>
  <testcase name="value=50, expected=Buzz" classname="tdd.FizzBuzzTest" time="0.001"/>
  <testcase name="value=51, expected=Fizz" classname="tdd.FizzBuzzTest" time="0"/>
  <testcase name="value=52, expected=52" classname="tdd.FizzBuzzTest" time="0.001"/>
  <testcase name="value=53, expected=53" classname="tdd.FizzBuzzTest" time="0"/>
  <testcase name="value=54, expected=Fizz" classname="tdd.FizzBuzzTest" time="0"/>
  <testcase name="value=55, expected=Buzz" classname="tdd.FizzBuzzTest" time="0.001"/>
  <testcase name="value=56, expected=56" classname="tdd.FizzBuzzTest" time="0.001"/>
  <testcase name="value=57, expected=Fizz" classname="tdd.FizzBuzzTest" time="0.001"/>
  <testcase name="value=58, expected=58" classname="tdd.FizzBuzzTest" time="0.001"/>
  <testcase name="value=59, expected=59" classname="tdd.FizzBuzzTest" time="0.001"/>
  <testcase name="value=60, expected=FizzBuzz" classname="tdd.FizzBuzzTest" time="0.001"/>
  <testcase name="value=61, expected=61" classname="tdd.FizzBuzzTest" time="0"/>
  <testcase name="value=62, expected=62" classname="tdd.FizzBuzzTest" time="0"/>
  <testcase name="value=63, expected=Fizz" classname="tdd.FizzBuzzTest" time="0.001"/>
  <testcase name="value=64, expected=64" classname="tdd.FizzBuzzTest" time="0.001"/>
  <testcase name="value=65, expected=Buzz" classname="tdd.FizzBuzzTest" time="0.001"/>
  <testcase name="value=66, expected=Fizz" classname="tdd.FizzBuzzTest" time="0.001"/>
  <testcase name="value=67, expected=67" classname="tdd.FizzBuzzTest" time="0.002"/>
  <testcase name="value=68, expected=68" classname="tdd.FizzBuzzTest" time="0.001"/>
  <testcase name="value=69, expected=Fizz" classname="tdd.FizzBuzzTest" time="0.001"/>
  <testcase name="value=70, expected=Buzz" classname="tdd.FizzBuzzTest" time="0"/>
  <testcase name="value=71, expected=71" classname="tdd.FizzBuzzTest" time="0.001"/>
  <testcase name="value=72, expected=Fizz" classname="tdd.FizzBuzzTest" time="0"/>
  <testcase name="value=73, expected=73" classname="tdd.FizzBuzzTest" time="0.001"/>
  <testcase name="value=74, expected=74" classname="tdd.FizzBuzzTest" time="0"/>
  <testcase name="value=75, expected=FizzBuzz" classname="tdd.FizzBuzzTest" time="0.001"/>
  <testcase name="value=76, expected=76" classname="tdd.FizzBuzzTest" time="0.001"/>
  <testcase name="value=77, expected=77" classname="tdd.FizzBuzzTest" time="0.001"/>
  <testcase name="value=78, expected=Fizz" classname="tdd.FizzBuzzTest" time="0.001"/>
  <testcase name="value=79, expected=79" classname="tdd.FizzBuzzTest" time="0.001"/>
  <testcase name="value=80, expected=Buzz" classname="tdd.FizzBuzzTest" time="0.001"/>
  <testcase name="value=81, expected=Fizz" classname="tdd.FizzBuzzTest" time="0.001"/>
  <testcase name="value=82, expected=82" classname="tdd.FizzBuzzTest" time="0.001"/>
  <testcase name="value=83, expected=83" classname="tdd.FizzBuzzTest" time="0.002"/>
  <testcase name="value=84, expected=Fizz" classname="tdd.FizzBuzzTest" time="0.002"/>
  <testcase name="value=85, expected=Buzz" classname="tdd.FizzBuzzTest" time="0"/>
  <testcase name="value=86, expected=86" classname="tdd.FizzBuzzTest" time="0.001"/>
  <testcase name="value=87, expected=Fizz" classname="tdd.FizzBuzzTest" time="0.001"/>
  <testcase name="value=88, expected=88" classname="tdd.FizzBuzzTest" time="0.001"/>
  <testcase name="value=89, expected=89" classname="tdd.FizzBuzzTest" time="0.001"/>
  <testcase name="value=90, expected=FizzBuzz" classname="tdd.FizzBuzzTest" time="0.001"/>
  <testcase name="value=91, expected=91" classname="tdd.FizzBuzzTest" time="0"/>
  <testcase name="value=92, expected=92" classname="tdd.FizzBuzzTest" time="0.001"/>
  <testcase name="value=93, expected=Fizz" classname="tdd.FizzBuzzTest" time="0.001"/>
  <testcase name="value=94, expected=94" classname="tdd.FizzBuzzTest" time="0.001"/>
  <testcase name="value=95, expected=Buzz" classname="tdd.FizzBuzzTest" time="0.001"/>
  <testcase name="value=96, expected=Fizz" classname="tdd.FizzBuzzTest" time="0.001"/>
  <testcase name="value=97, expected=97" classname="tdd.FizzBuzzTest" time="0.001"/>
  <testcase name="value=98, expected=98" classname="tdd.FizzBuzzTest" time="0.001"/>
  <testcase name="value=99, expected=Fizz" classname="tdd.FizzBuzzTest" time="0"/>
  <testcase name="value=100, expected=Buzz" classname="tdd.FizzBuzzTest" time="0.001"/>
</testsuite>